Warning[207] C:\USERS\LABOP2\DOCUMENTS\LAB4\ARCHITECTURETRAVAIL4\TRAVAIL4.X\NEWPIC_8B_GENERAL.ASM 42 : Found label after column 1. (Count)
Warning[207] C:\USERS\LABOP2\DOCUMENTS\LAB4\ARCHITECTURETRAVAIL4\TRAVAIL4.X\NEWPIC_8B_GENERAL.ASM 43 : Found label after column 1. (TEMP)
Warning[207] C:\USERS\LABOP2\DOCUMENTS\LAB4\ARCHITECTURETRAVAIL4\TRAVAIL4.X\NEWPIC_8B_GENERAL.ASM 44 : Found label after column 1. (TempsCourt)
Warning[207] C:\USERS\LABOP2\DOCUMENTS\LAB4\ARCHITECTURETRAVAIL4\TRAVAIL4.X\NEWPIC_8B_GENERAL.ASM 45 : Found label after column 1. (TempsLong)
Warning[203] C:\USERS\LABOP2\DOCUMENTS\LAB4\ARCHITECTURETRAVAIL4\TRAVAIL4.X\NEWPIC_8B_GENERAL.ASM 91 : Found opcode in column 1. (bsf)
Warning[203] C:\USERS\LABOP2\DOCUMENTS\LAB4\ARCHITECTURETRAVAIL4\TRAVAIL4.X\NEWPIC_8B_GENERAL.ASM 92 : Found opcode in column 1. (bsf)
Warning[203] C:\USERS\LABOP2\DOCUMENTS\LAB4\ARCHITECTURETRAVAIL4\TRAVAIL4.X\NEWPIC_8B_GENERAL.ASM 93 : Found opcode in column 1. (bsf)
Warning[203] C:\USERS\LABOP2\DOCUMENTS\LAB4\ARCHITECTURETRAVAIL4\TRAVAIL4.X\NEWPIC_8B_GENERAL.ASM 94 : Found opcode in column 1. (bsf)
Warning[203] C:\USERS\LABOP2\DOCUMENTS\LAB4\ARCHITECTURETRAVAIL4\TRAVAIL4.X\NEWPIC_8B_GENERAL.ASM 95 : Found opcode in column 1. (bcf)
Warning[203] C:\USERS\LABOP2\DOCUMENTS\LAB4\ARCHITECTURETRAVAIL4\TRAVAIL4.X\NEWPIC_8B_GENERAL.ASM 96 : Found opcode in column 1. (bsf)
Warning[203] C:\USERS\LABOP2\DOCUMENTS\LAB4\ARCHITECTURETRAVAIL4\TRAVAIL4.X\NEWPIC_8B_GENERAL.ASM 97 : Found opcode in column 1. (bsf)
Warning[203] C:\USERS\LABOP2\DOCUMENTS\LAB4\ARCHITECTURETRAVAIL4\TRAVAIL4.X\NEWPIC_8B_GENERAL.ASM 98 : Found opcode in column 1. (bsf)
Warning[207] C:\USERS\LABOP2\DOCUMENTS\LAB4\ARCHITECTURETRAVAIL4\TRAVAIL4.X\NEWPIC_8B_GENERAL.ASM 112 : Found label after column 1. (loop)
Warning[207] C:\USERS\LABOP2\DOCUMENTS\LAB4\ARCHITECTURETRAVAIL4\TRAVAIL4.X\NEWPIC_8B_GENERAL.ASM 116 : Found label after column 1. (InitializeAD)
Warning[207] C:\USERS\LABOP2\DOCUMENTS\LAB4\ARCHITECTURETRAVAIL4\TRAVAIL4.X\NEWPIC_8B_GENERAL.ASM 127 : Found label after column 1. (SetupDelay)
Warning[207] C:\USERS\LABOP2\DOCUMENTS\LAB4\ARCHITECTURETRAVAIL4\TRAVAIL4.X\NEWPIC_8B_GENERAL.ASM 130 : Found label after column 1. (SD)
Warning[207] C:\USERS\LABOP2\DOCUMENTS\LAB4\ARCHITECTURETRAVAIL4\TRAVAIL4.X\NEWPIC_8B_GENERAL.ASM 135 : Found label after column 1. (Zone4)
Warning[207] C:\USERS\LABOP2\DOCUMENTS\LAB4\ARCHITECTURETRAVAIL4\TRAVAIL4.X\NEWPIC_8B_GENERAL.ASM 148 : Found label after column 1. (AccelerereLumiere)
Warning[207] C:\USERS\LABOP2\DOCUMENTS\LAB4\ARCHITECTURETRAVAIL4\TRAVAIL4.X\NEWPIC_8B_GENERAL.ASM 154 : Found label after column 1. (RalentirLumiere)
Warning[207] C:\USERS\LABOP2\DOCUMENTS\LAB4\ARCHITECTURETRAVAIL4\TRAVAIL4.X\NEWPIC_8B_GENERAL.ASM 161 : Found label after column 1. (TO_ISR)
Warning[207] C:\USERS\LABOP2\DOCUMENTS\LAB4\ARCHITECTURETRAVAIL4\TRAVAIL4.X\NEWPIC_8B_GENERAL.ASM 171 : Found label after column 1. (DeterminerCouleurAChanger)
Warning[207] C:\USERS\LABOP2\DOCUMENTS\LAB4\ARCHITECTURETRAVAIL4\TRAVAIL4.X\NEWPIC_8B_GENERAL.ASM 180 : Found label after column 1. (allumerJaune)
Warning[207] C:\USERS\LABOP2\DOCUMENTS\LAB4\ARCHITECTURETRAVAIL4\TRAVAIL4.X\NEWPIC_8B_GENERAL.ASM 186 : Found label after column 1. (allumerRouge)
Warning[207] C:\USERS\LABOP2\DOCUMENTS\LAB4\ARCHITECTURETRAVAIL4\TRAVAIL4.X\NEWPIC_8B_GENERAL.ASM 192 : Found label after column 1. (allumerVerte)
Warning[207] C:\USERS\LABOP2\DOCUMENTS\LAB4\ARCHITECTURETRAVAIL4\TRAVAIL4.X\NEWPIC_8B_GENERAL.ASM 198 : Found label after column 1. (saut)
