Warning[207] C:\USERS\LABOP2\DOCUMENTS\LAB4\ARCHITECTURETRAVAIL4\TRAVAIL4.X\NEWPIC_8B_GENERAL.ASM 42 : Found label after column 1. (EtatActuelFeux)
Warning[207] C:\USERS\LABOP2\DOCUMENTS\LAB4\ARCHITECTURETRAVAIL4\TRAVAIL4.X\NEWPIC_8B_GENERAL.ASM 43 : Found label after column 1. (Count)
Warning[207] C:\USERS\LABOP2\DOCUMENTS\LAB4\ARCHITECTURETRAVAIL4\TRAVAIL4.X\NEWPIC_8B_GENERAL.ASM 44 : Found label after column 1. (TEMP)
Warning[207] C:\USERS\LABOP2\DOCUMENTS\LAB4\ARCHITECTURETRAVAIL4\TRAVAIL4.X\NEWPIC_8B_GENERAL.ASM 45 : Found label after column 1. (TempsCourt)
Warning[207] C:\USERS\LABOP2\DOCUMENTS\LAB4\ARCHITECTURETRAVAIL4\TRAVAIL4.X\NEWPIC_8B_GENERAL.ASM 46 : Found label after column 1. (TempsLong)
Warning[207] C:\USERS\LABOP2\DOCUMENTS\LAB4\ARCHITECTURETRAVAIL4\TRAVAIL4.X\NEWPIC_8B_GENERAL.ASM 122 : Found label after column 1. (loop)
Warning[207] C:\USERS\LABOP2\DOCUMENTS\LAB4\ARCHITECTURETRAVAIL4\TRAVAIL4.X\NEWPIC_8B_GENERAL.ASM 126 : Found label after column 1. (InitializeAD)
Warning[207] C:\USERS\LABOP2\DOCUMENTS\LAB4\ARCHITECTURETRAVAIL4\TRAVAIL4.X\NEWPIC_8B_GENERAL.ASM 137 : Found label after column 1. (SetupDelay)
Warning[207] C:\USERS\LABOP2\DOCUMENTS\LAB4\ARCHITECTURETRAVAIL4\TRAVAIL4.X\NEWPIC_8B_GENERAL.ASM 140 : Found label after column 1. (SD)
Warning[207] C:\USERS\LABOP2\DOCUMENTS\LAB4\ARCHITECTURETRAVAIL4\TRAVAIL4.X\NEWPIC_8B_GENERAL.ASM 145 : Found label after column 1. (Zone4)
Warning[207] C:\USERS\LABOP2\DOCUMENTS\LAB4\ARCHITECTURETRAVAIL4\TRAVAIL4.X\NEWPIC_8B_GENERAL.ASM 156 : Found label after column 1. (SetEtatActuel)
Warning[207] C:\USERS\LABOP2\DOCUMENTS\LAB4\ARCHITECTURETRAVAIL4\TRAVAIL4.X\NEWPIC_8B_GENERAL.ASM 163 : Found label after column 1. (TesterCEtA)
Warning[207] C:\USERS\LABOP2\DOCUMENTS\LAB4\ARCHITECTURETRAVAIL4\TRAVAIL4.X\NEWPIC_8B_GENERAL.ASM 170 : Found label after column 1. (TesterA)
Warning[207] C:\USERS\LABOP2\DOCUMENTS\LAB4\ARCHITECTURETRAVAIL4\TRAVAIL4.X\NEWPIC_8B_GENERAL.ASM 194 : Found label after column 1. (AccelerereLumiere)
Warning[207] C:\USERS\LABOP2\DOCUMENTS\LAB4\ARCHITECTURETRAVAIL4\TRAVAIL4.X\NEWPIC_8B_GENERAL.ASM 200 : Found label after column 1. (RalentirLumiere)
Warning[207] C:\USERS\LABOP2\DOCUMENTS\LAB4\ARCHITECTURETRAVAIL4\TRAVAIL4.X\NEWPIC_8B_GENERAL.ASM 207 : Found label after column 1. (TO_ISR)
Warning[207] C:\USERS\LABOP2\DOCUMENTS\LAB4\ARCHITECTURETRAVAIL4\TRAVAIL4.X\NEWPIC_8B_GENERAL.ASM 216 : Found label after column 1. (arret)
Warning[207] C:\USERS\LABOP2\DOCUMENTS\LAB4\ARCHITECTURETRAVAIL4\TRAVAIL4.X\NEWPIC_8B_GENERAL.ASM 223 : Found label after column 1. (TesterClignotant)
Warning[207] C:\USERS\LABOP2\DOCUMENTS\LAB4\ARCHITECTURETRAVAIL4\TRAVAIL4.X\NEWPIC_8B_GENERAL.ASM 232 : Found label after column 1. (DeterminerCouleurAChanger)
Warning[207] C:\USERS\LABOP2\DOCUMENTS\LAB4\ARCHITECTURETRAVAIL4\TRAVAIL4.X\NEWPIC_8B_GENERAL.ASM 245 : Found label after column 1. (allumerJaune)
Warning[207] C:\USERS\LABOP2\DOCUMENTS\LAB4\ARCHITECTURETRAVAIL4\TRAVAIL4.X\NEWPIC_8B_GENERAL.ASM 251 : Found label after column 1. (allumerRouge)
Warning[207] C:\USERS\LABOP2\DOCUMENTS\LAB4\ARCHITECTURETRAVAIL4\TRAVAIL4.X\NEWPIC_8B_GENERAL.ASM 257 : Found label after column 1. (allumerVerte)
Warning[207] C:\USERS\LABOP2\DOCUMENTS\LAB4\ARCHITECTURETRAVAIL4\TRAVAIL4.X\NEWPIC_8B_GENERAL.ASM 263 : Found label after column 1. (saut)
